<?xml version="1.0" encoding="UTF-8"?>
<!-- Generated by org.testng.reporters.JUnitXMLReporter -->
<testsuite ignored="0" hostname="MSI" failures="0" tests="5" name="ChromeTest" time="19.555" errors="0" timestamp="2024-03-25T19:17:33 IST">
  <testcase classname="mar22.CrossBrowser" name="startTest" time="6.275"/>
  <testcase classname="mar22.CrossBrowser" name="startTest" time="2.566"/>
  <testcase classname="mar22.CrossBrowser" name="startTest" time="3.253"/>
  <testcase classname="mar22.CrossBrowser" name="startTest" time="2.689"/>
  <testcase classname="mar22.CrossBrowser" name="startTest" time="3.224"/>
</testsuite> <!-- ChromeTest -->
