<?xml version="1.0" encoding="UTF-8"?>
<!-- Generated by org.testng.reporters.JUnitXMLReporter -->
<testsuite ignored="0" hostname="MSI" failures="0" tests="5" name="FirefoxTest" time="20.759" errors="0" timestamp="2024-03-25T19:17:54 IST">
  <testcase classname="mar22.CrossBrowser" name="startTest" time="4.979"/>
  <testcase classname="mar22.CrossBrowser" name="startTest" time="2.778"/>
  <testcase classname="mar22.CrossBrowser" name="startTest" time="3.19"/>
  <testcase classname="mar22.CrossBrowser" name="startTest" time="2.609"/>
  <testcase classname="mar22.CrossBrowser" name="startTest" time="2.912"/>
</testsuite> <!-- FirefoxTest -->
