<?xml version="1.0" encoding="UTF-8"?>
<!-- Generated by org.testng.reporters.JUnitXMLReporter -->
<testsuite ignored="1" hostname="MSI" failures="0" tests="11" name="Default test" time="72.187" errors="0" timestamp="2024-03-27T16:29:15 IST">
  <testcase classname="mar20.SecondTestNGClass2" name="leave" time="0.646"/>
  <testcase classname="mar20.SecondTestNGClass2" name="leave" time="0.691"/>
  <testcase classname="mar20.SecondTestNGClass2" name="leave" time="0.667"/>
  <testcase classname="mar20.SecondTestNGClass2" name="leave" time="0.66"/>
  <testcase classname="mar20.SecondTestNGClass2" name="leave" time="0.896"/>
  <testcase classname="mar20.SecondTestNGClass2" name="leave" time="0.829"/>
  <testcase classname="mar20.SecondTestNGClass2" name="leave" time="1.3"/>
  <testcase classname="mar20.SecondTestNGClass2" name="leave" time="1.148"/>
  <testcase classname="mar20.SecondTestNGClass2" name="leave" time="1.178"/>
  <testcase classname="mar20.SecondTestNGClass2" name="leave" time="0.891"/>
  <testcase classname="mar20.SecondTestNGClass2" name="admin" time="0.567"/>
  <testcase classname="mar20.SecondTestNGClass2" name="pim" time="0.0">
    <ignored/>
  </testcase> <!-- pim -->
</testsuite> <!-- Default test -->
