<?xml version="1.0" encoding="UTF-8"?>
<!-- Generated by org.testng.reporters.JUnitXMLReporter -->
<testsuite ignored="0" hostname="MSI" failures="0" tests="3" name="HTMLReport" time="11.543" errors="0" timestamp="2024-03-24T19:56:22 IST">
  <testcase classname="mar19.SecondTestNGClass" name="add" time="0.154"/>
  <testcase classname="mar19.SecondTestNGClass" name="div" time="0.174"/>
  <testcase classname="mar19.SecondTestNGClass" name="mul" time="0.141"/>
</testsuite> <!-- HTMLReport -->
