<?xml version="1.0" encoding="UTF-8"?>
<!-- Generated by org.testng.reporters.JUnitXMLReporter -->
<testsuite ignored="0" hostname="MSI" failures="0" tests="3" name="HTMLReport2" time="15.21" errors="0" timestamp="2024-03-24T19:56:38 IST">
  <testcase classname="mar19.SecondTestNGClass2" name="admin" time="0.767"/>
  <testcase classname="mar19.SecondTestNGClass2" name="leave" time="1.243"/>
  <testcase classname="mar19.SecondTestNGClass2" name="pim" time="1.012"/>
</testsuite> <!-- HTMLReport2 -->
