<?xml version="1.0" encoding="UTF-8"?>
<testng-results ignored="1" total="12" passed="11" failed="0" skipped="0">
  <reporter-output>
    <line>
      <![CDATA[Running in before method]]>
    </line>
    <line>
      <![CDATA[Executing leave test]]>
    </line>
    <line>
      <![CDATA[Running in After method]]>
    </line>
    <line>
      <![CDATA[Running in before method]]>
    </line>
    <line>
      <![CDATA[Executing leave test]]>
    </line>
    <line>
      <![CDATA[Running in After method]]>
    </line>
    <line>
      <![CDATA[Running in before method]]>
    </line>
    <line>
      <![CDATA[Executing leave test]]>
    </line>
    <line>
      <![CDATA[Running in After method]]>
    </line>
    <line>
      <![CDATA[Running in before method]]>
    </line>
    <line>
      <![CDATA[Executing leave test]]>
    </line>
    <line>
      <![CDATA[Running in After method]]>
    </line>
    <line>
      <![CDATA[Running in before method]]>
    </line>
    <line>
      <![CDATA[Executing leave test]]>
    </line>
    <line>
      <![CDATA[Running in After method]]>
    </line>
    <line>
      <![CDATA[Running in before method]]>
    </line>
    <line>
      <![CDATA[Executing leave test]]>
    </line>
    <line>
      <![CDATA[Running in After method]]>
    </line>
    <line>
      <![CDATA[Running in before method]]>
    </line>
    <line>
      <![CDATA[Executing leave test]]>
    </line>
    <line>
      <![CDATA[Running in After method]]>
    </line>
    <line>
      <![CDATA[Running in before method]]>
    </line>
    <line>
      <![CDATA[Executing leave test]]>
    </line>
    <line>
      <![CDATA[Running in After method]]>
    </line>
    <line>
      <![CDATA[Running in before method]]>
    </line>
    <line>
      <![CDATA[Executing leave test]]>
    </line>
    <line>
      <![CDATA[Running in After method]]>
    </line>
    <line>
      <![CDATA[Running in before method]]>
    </line>
    <line>
      <![CDATA[Executing leave test]]>
    </line>
    <line>
      <![CDATA[Running in After method]]>
    </line>
    <line>
      <![CDATA[Running in before method]]>
    </line>
    <line>
      <![CDATA[Executing admin test]]>
    </line>
    <line>
      <![CDATA[Running in After method]]>
    </line>
  </reporter-output>
  <suite started-at="2024-03-27T16:28:02 IST" name="Default suite" finished-at="2024-03-27T16:29:15 IST" duration-ms="72187">
    <groups>
    </groups>
    <test started-at="2024-03-27T16:28:02 IST" name="Default test" finished-at="2024-03-27T16:29:15 IST" duration-ms="72187">
      <class name="mar20.SecondTestNGClass2">
        <test-method is-config="true" signature="setUp()[pri:0, instance:mar20.SecondTestNGClass2@3d680b5a]" started-at="2024-03-27T16:28:02 IST" name="setUp" finished-at="2024-03-27T16:28:25 IST" duration-ms="22192" status="PASS">
          <reporter-output>
            <line>
              <![CDATA[Running in before method]]>
            </line>
          </reporter-output>
        </test-method> <!-- setUp -->
        <test-method signature="leave()[pri:0, instance:mar20.SecondTestNGClass2@3d680b5a]" started-at="2024-03-27T16:28:25 IST" name="leave" finished-at="2024-03-27T16:28:25 IST" duration-ms="646" status="PASS">
          <reporter-output>
            <line>
              <![CDATA[Executing leave test]]>
            </line>
          </reporter-output>
        </test-method> <!-- leave -->
        <test-method is-config="true" signature="tearDown()[pri:0, instance:mar20.SecondTestNGClass2@3d680b5a]" started-at="2024-03-27T16:28:25 IST" name="tearDown" finished-at="2024-03-27T16:28:26 IST" duration-ms="202" status="PASS">
          <reporter-output>
            <line>
              <![CDATA[Running in After method]]>
            </line>
          </reporter-output>
        </test-method> <!-- tearDown -->
        <test-method is-config="true" signature="setUp()[pri:0, instance:mar20.SecondTestNGClass2@3d680b5a]" started-at="2024-03-27T16:28:26 IST" name="setUp" finished-at="2024-03-27T16:28:30 IST" duration-ms="4452" status="PASS">
          <reporter-output>
            <line>
              <![CDATA[Running in before method]]>
            </line>
          </reporter-output>
        </test-method> <!-- setUp -->
        <test-method signature="leave()[pri:0, instance:mar20.SecondTestNGClass2@3d680b5a]" started-at="2024-03-27T16:28:30 IST" name="leave" finished-at="2024-03-27T16:28:31 IST" duration-ms="691" status="PASS">
          <reporter-output>
            <line>
              <![CDATA[Executing leave test]]>
            </line>
          </reporter-output>
        </test-method> <!-- leave -->
        <test-method is-config="true" signature="tearDown()[pri:0, instance:mar20.SecondTestNGClass2@3d680b5a]" started-at="2024-03-27T16:28:31 IST" name="tearDown" finished-at="2024-03-27T16:28:31 IST" duration-ms="123" status="PASS">
          <reporter-output>
            <line>
              <![CDATA[Running in After method]]>
            </line>
          </reporter-output>
        </test-method> <!-- tearDown -->
        <test-method is-config="true" signature="setUp()[pri:0, instance:mar20.SecondTestNGClass2@3d680b5a]" started-at="2024-03-27T16:28:31 IST" name="setUp" finished-at="2024-03-27T16:28:35 IST" duration-ms="4114" status="PASS">
          <reporter-output>
            <line>
              <![CDATA[Running in before method]]>
            </line>
          </reporter-output>
        </test-method> <!-- setUp -->
        <test-method signature="leave()[pri:0, instance:mar20.SecondTestNGClass2@3d680b5a]" started-at="2024-03-27T16:28:35 IST" name="leave" finished-at="2024-03-27T16:28:36 IST" duration-ms="667" status="PASS">
          <reporter-output>
            <line>
              <![CDATA[Executing leave test]]>
            </line>
          </reporter-output>
        </test-method> <!-- leave -->
        <test-method is-config="true" signature="tearDown()[pri:0, instance:mar20.SecondTestNGClass2@3d680b5a]" started-at="2024-03-27T16:28:36 IST" name="tearDown" finished-at="2024-03-27T16:28:36 IST" duration-ms="135" status="PASS">
          <reporter-output>
            <line>
              <![CDATA[Running in After method]]>
            </line>
          </reporter-output>
        </test-method> <!-- tearDown -->
        <test-method is-config="true" signature="setUp()[pri:0, instance:mar20.SecondTestNGClass2@3d680b5a]" started-at="2024-03-27T16:28:36 IST" name="setUp" finished-at="2024-03-27T16:28:40 IST" duration-ms="4334" status="PASS">
          <reporter-output>
            <line>
              <![CDATA[Running in before method]]>
            </line>
          </reporter-output>
        </test-method> <!-- setUp -->
        <test-method signature="leave()[pri:0, instance:mar20.SecondTestNGClass2@3d680b5a]" started-at="2024-03-27T16:28:40 IST" name="leave" finished-at="2024-03-27T16:28:41 IST" duration-ms="660" status="PASS">
          <reporter-output>
            <line>
              <![CDATA[Executing leave test]]>
            </line>
          </reporter-output>
        </test-method> <!-- leave -->
        <test-method is-config="true" signature="tearDown()[pri:0, instance:mar20.SecondTestNGClass2@3d680b5a]" started-at="2024-03-27T16:28:41 IST" name="tearDown" finished-at="2024-03-27T16:28:41 IST" duration-ms="106" status="PASS">
          <reporter-output>
            <line>
              <![CDATA[Running in After method]]>
            </line>
          </reporter-output>
        </test-method> <!-- tearDown -->
        <test-method is-config="true" signature="setUp()[pri:0, instance:mar20.SecondTestNGClass2@3d680b5a]" started-at="2024-03-27T16:28:41 IST" name="setUp" finished-at="2024-03-27T16:28:44 IST" duration-ms="3497" status="PASS">
          <reporter-output>
            <line>
              <![CDATA[Running in before method]]>
            </line>
          </reporter-output>
        </test-method> <!-- setUp -->
        <test-method signature="leave()[pri:0, instance:mar20.SecondTestNGClass2@3d680b5a]" started-at="2024-03-27T16:28:44 IST" name="leave" finished-at="2024-03-27T16:28:45 IST" duration-ms="896" status="PASS">
          <reporter-output>
            <line>
              <![CDATA[Executing leave test]]>
            </line>
          </reporter-output>
        </test-method> <!-- leave -->
        <test-method is-config="true" signature="tearDown()[pri:0, instance:mar20.SecondTestNGClass2@3d680b5a]" started-at="2024-03-27T16:28:45 IST" name="tearDown" finished-at="2024-03-27T16:28:45 IST" duration-ms="129" status="PASS">
          <reporter-output>
            <line>
              <![CDATA[Running in After method]]>
            </line>
          </reporter-output>
        </test-method> <!-- tearDown -->
        <test-method is-config="true" signature="setUp()[pri:0, instance:mar20.SecondTestNGClass2@3d680b5a]" started-at="2024-03-27T16:28:45 IST" name="setUp" finished-at="2024-03-27T16:28:49 IST" duration-ms="3503" status="PASS">
          <reporter-output>
            <line>
              <![CDATA[Running in before method]]>
            </line>
          </reporter-output>
        </test-method> <!-- setUp -->
        <test-method signature="leave()[pri:0, instance:mar20.SecondTestNGClass2@3d680b5a]" started-at="2024-03-27T16:28:49 IST" name="leave" finished-at="2024-03-27T16:28:50 IST" duration-ms="829" status="PASS">
          <reporter-output>
            <line>
              <![CDATA[Executing leave test]]>
            </line>
          </reporter-output>
        </test-method> <!-- leave -->
        <test-method is-config="true" signature="tearDown()[pri:0, instance:mar20.SecondTestNGClass2@3d680b5a]" started-at="2024-03-27T16:28:50 IST" name="tearDown" finished-at="2024-03-27T16:28:50 IST" duration-ms="162" status="PASS">
          <reporter-output>
            <line>
              <![CDATA[Running in After method]]>
            </line>
          </reporter-output>
        </test-method> <!-- tearDown -->
        <test-method is-config="true" signature="setUp()[pri:0, instance:mar20.SecondTestNGClass2@3d680b5a]" started-at="2024-03-27T16:28:50 IST" name="setUp" finished-at="2024-03-27T16:28:54 IST" duration-ms="4209" status="PASS">
          <reporter-output>
            <line>
              <![CDATA[Running in before method]]>
            </line>
          </reporter-output>
        </test-method> <!-- setUp -->
        <test-method signature="leave()[pri:0, instance:mar20.SecondTestNGClass2@3d680b5a]" started-at="2024-03-27T16:28:54 IST" name="leave" finished-at="2024-03-27T16:28:55 IST" duration-ms="1300" status="PASS">
          <reporter-output>
            <line>
              <![CDATA[Executing leave test]]>
            </line>
          </reporter-output>
        </test-method> <!-- leave -->
        <test-method is-config="true" signature="tearDown()[pri:0, instance:mar20.SecondTestNGClass2@3d680b5a]" started-at="2024-03-27T16:28:55 IST" name="tearDown" finished-at="2024-03-27T16:28:55 IST" duration-ms="149" status="PASS">
          <reporter-output>
            <line>
              <![CDATA[Running in After method]]>
            </line>
          </reporter-output>
        </test-method> <!-- tearDown -->
        <test-method is-config="true" signature="setUp()[pri:0, instance:mar20.SecondTestNGClass2@3d680b5a]" started-at="2024-03-27T16:28:55 IST" name="setUp" finished-at="2024-03-27T16:28:59 IST" duration-ms="3844" status="PASS">
          <reporter-output>
            <line>
              <![CDATA[Running in before method]]>
            </line>
          </reporter-output>
        </test-method> <!-- setUp -->
        <test-method signature="leave()[pri:0, instance:mar20.SecondTestNGClass2@3d680b5a]" started-at="2024-03-27T16:28:59 IST" name="leave" finished-at="2024-03-27T16:29:00 IST" duration-ms="1148" status="PASS">
          <reporter-output>
            <line>
              <![CDATA[Executing leave test]]>
            </line>
          </reporter-output>
        </test-method> <!-- leave -->
        <test-method is-config="true" signature="tearDown()[pri:0, instance:mar20.SecondTestNGClass2@3d680b5a]" started-at="2024-03-27T16:29:00 IST" name="tearDown" finished-at="2024-03-27T16:29:01 IST" duration-ms="111" status="PASS">
          <reporter-output>
            <line>
              <![CDATA[Running in After method]]>
            </line>
          </reporter-output>
        </test-method> <!-- tearDown -->
        <test-method is-config="true" signature="setUp()[pri:0, instance:mar20.SecondTestNGClass2@3d680b5a]" started-at="2024-03-27T16:29:01 IST" name="setUp" finished-at="2024-03-27T16:29:04 IST" duration-ms="3366" status="PASS">
          <reporter-output>
            <line>
              <![CDATA[Running in before method]]>
            </line>
          </reporter-output>
        </test-method> <!-- setUp -->
        <test-method signature="leave()[pri:0, instance:mar20.SecondTestNGClass2@3d680b5a]" started-at="2024-03-27T16:29:04 IST" name="leave" finished-at="2024-03-27T16:29:05 IST" duration-ms="1178" status="PASS">
          <reporter-output>
            <line>
              <![CDATA[Executing leave test]]>
            </line>
          </reporter-output>
        </test-method> <!-- leave -->
        <test-method is-config="true" signature="tearDown()[pri:0, instance:mar20.SecondTestNGClass2@3d680b5a]" started-at="2024-03-27T16:29:05 IST" name="tearDown" finished-at="2024-03-27T16:29:05 IST" duration-ms="133" status="PASS">
          <reporter-output>
            <line>
              <![CDATA[Running in After method]]>
            </line>
          </reporter-output>
        </test-method> <!-- tearDown -->
        <test-method is-config="true" signature="setUp()[pri:0, instance:mar20.SecondTestNGClass2@3d680b5a]" started-at="2024-03-27T16:29:05 IST" name="setUp" finished-at="2024-03-27T16:29:09 IST" duration-ms="3345" status="PASS">
          <reporter-output>
            <line>
              <![CDATA[Running in before method]]>
            </line>
          </reporter-output>
        </test-method> <!-- setUp -->
        <test-method signature="leave()[pri:0, instance:mar20.SecondTestNGClass2@3d680b5a]" started-at="2024-03-27T16:29:09 IST" name="leave" finished-at="2024-03-27T16:29:09 IST" duration-ms="891" status="PASS">
          <reporter-output>
            <line>
              <![CDATA[Executing leave test]]>
            </line>
          </reporter-output>
        </test-method> <!-- leave -->
        <test-method is-config="true" signature="tearDown()[pri:0, instance:mar20.SecondTestNGClass2@3d680b5a]" started-at="2024-03-27T16:29:09 IST" name="tearDown" finished-at="2024-03-27T16:29:10 IST" duration-ms="117" status="PASS">
          <reporter-output>
            <line>
              <![CDATA[Running in After method]]>
            </line>
          </reporter-output>
        </test-method> <!-- tearDown -->
        <test-method is-config="true" signature="setUp()[pri:0, instance:mar20.SecondTestNGClass2@3d680b5a]" started-at="2024-03-27T16:29:10 IST" name="setUp" finished-at="2024-03-27T16:29:14 IST" duration-ms="4283" status="PASS">
          <reporter-output>
            <line>
              <![CDATA[Running in before method]]>
            </line>
          </reporter-output>
        </test-method> <!-- setUp -->
        <test-method signature="admin()[pri:1, instance:mar20.SecondTestNGClass2@3d680b5a]" started-at="2024-03-27T16:29:14 IST" name="admin" finished-at="2024-03-27T16:29:14 IST" duration-ms="567" status="PASS">
          <reporter-output>
            <line>
              <![CDATA[Executing admin test]]>
            </line>
          </reporter-output>
        </test-method> <!-- admin -->
        <test-method is-config="true" signature="tearDown()[pri:0, instance:mar20.SecondTestNGClass2@3d680b5a]" started-at="2024-03-27T16:29:14 IST" name="tearDown" finished-at="2024-03-27T16:29:15 IST" duration-ms="165" status="PASS">
          <reporter-output>
            <line>
              <![CDATA[Running in After method]]>
            </line>
          </reporter-output>
        </test-method> <!-- tearDown -->
      </class> <!-- mar20.SecondTestNGClass2 -->
    </test> <!-- Default test -->
  </suite> <!-- Default suite -->
</testng-results>
